2026-02-15 00:16:29,285 [INFO] Scanning files (Threshold: 50MB)...
2026-02-15 00:16:29,400 [INFO] Stats: 0 large files, 99 small files
2026-02-15 00:16:29,401 [INFO] Checking for redundant files on HuggingFace (hfhfn/full_stack_resources)...
2026-02-15 00:16:31,487 [INFO] No redundant files found.
2026-02-15 00:16:31,487 [INFO] Processing Git tracking & .gitignore...
2026-02-15 00:16:31,487 [INFO] Updated .gitignore with 0 rules
2026-02-15 00:16:31,487 [INFO] Generating full manifest (data/file_manifest.json)...
2026-02-15 00:16:31,494 [INFO] [OK] Manifest generated with 99 total files
2026-02-15 00:16:31,495 [INFO] 
[OK] All steps complete in 2.2s! Ready for git push.
2026-02-15 00:18:36,636 [INFO] Scanning files (Threshold: 50MB)...
2026-02-15 00:18:36,752 [INFO] Stats: 0 large files, 99 small files
2026-02-15 00:18:36,754 [INFO] Checking for redundant files on HuggingFace (hfhfn/full_stack_resources)...
2026-02-15 00:18:39,187 [INFO] No redundant files found.
2026-02-15 00:18:39,188 [INFO] Processing Git tracking & .gitignore...
2026-02-15 00:18:39,188 [INFO] Updated .gitignore with 0 rules
2026-02-15 00:18:39,188 [INFO] Generating full manifest (data/file_manifest.json)...
2026-02-15 00:18:39,196 [INFO] [OK] Manifest generated with 99 total files
2026-02-15 00:18:39,196 [INFO] 
[OK] All steps complete in 2.6s! Ready for git push.
2026-02-15 00:28:03,914 [INFO] Scanning files (Threshold: 50MB)...
2026-02-15 00:28:04,040 [INFO] Stats: 0 large files, 99 small files
2026-02-15 00:28:04,040 [INFO] Checking for redundant files on HuggingFace (hfhfn/full_stack_resources)...
2026-02-15 00:28:05,485 [INFO] No redundant files found.
2026-02-15 00:28:05,485 [INFO] Processing Git tracking & .gitignore...
2026-02-15 00:28:05,485 [INFO] Updated .gitignore with 0 rules
2026-02-15 00:28:05,485 [INFO] Generating full manifest (data/file_manifest.json)...
2026-02-15 00:28:05,491 [INFO] [OK] Manifest generated with 99 total files
2026-02-15 00:28:05,491 [INFO] 
[OK] All steps complete in 1.6s! Ready for git push.
2026-02-15 00:36:05,607 [INFO] Scanning files (Threshold: 50MB)...
2026-02-15 00:36:05,727 [INFO] Stats: 0 large files, 99 small files
2026-02-15 00:36:05,728 [INFO] Checking for redundant files on HuggingFace (hfhfn/full_stack_resources)...
2026-02-15 00:36:07,580 [INFO] No redundant files found.
2026-02-15 00:36:07,580 [INFO] Processing Git tracking & .gitignore...
2026-02-15 00:36:07,581 [INFO] Updated .gitignore with 0 rules
2026-02-15 00:36:07,581 [INFO] Generating full manifest (data/file_manifest.json)...
2026-02-15 00:36:07,586 [INFO] [OK] Manifest generated with 99 total files
2026-02-15 00:36:07,586 [INFO] 
[OK] All steps complete in 2.0s! Ready for git push.
2026-02-15 00:47:36,695 [INFO] Scanning files (Threshold: 50MB)...
2026-02-15 00:47:36,818 [INFO] Stats: 0 large files, 96 small files
2026-02-15 00:47:36,819 [INFO] Checking for redundant files on HuggingFace (hfhfn/full_stack_resources)...
2026-02-15 00:47:39,175 [INFO] No redundant files found.
2026-02-15 00:47:39,175 [INFO] Processing Git tracking & .gitignore...
2026-02-15 00:47:39,177 [INFO] Updated .gitignore with 0 rules
2026-02-15 00:47:39,177 [INFO] Generating full manifest (data/file_manifest.json)...
2026-02-15 00:47:39,184 [INFO] [OK] Manifest generated with 96 total files
2026-02-15 00:47:39,184 [INFO] 
[OK] All steps complete in 2.5s! Ready for git push.
2026-02-15 00:58:17,734 [INFO] Scanning files (Threshold: 50MB)...
2026-02-15 00:58:17,854 [INFO] Stats: 0 large files, 96 small files
2026-02-15 00:58:17,854 [INFO] Checking for redundant files on HuggingFace (hfhfn/full_stack_resources)...
2026-02-15 00:58:19,760 [INFO] No redundant files found.
2026-02-15 00:58:19,760 [INFO] Processing Git tracking & .gitignore...
2026-02-15 00:58:19,760 [INFO] Updated .gitignore with 0 rules
2026-02-15 00:58:19,760 [INFO] Generating full manifest (data/file_manifest.json)...
2026-02-15 00:58:19,767 [INFO] [OK] Manifest generated with 96 total files
2026-02-15 00:58:19,767 [INFO] 
[OK] All steps complete in 2.0s! Ready for git push.
2026-02-15 01:00:16,252 [INFO] Scanning files (Threshold: 50MB)...
2026-02-15 01:00:16,372 [INFO] Stats: 1 large files, 96 small files
2026-02-15 01:00:16,374 [INFO] Uploading 1 files to HuggingFace (hfhfn/full_stack_resources)...
2026-02-15 01:00:18,676 [INFO] Logged in as: hfhfn
2026-02-15 01:00:18,676 [INFO]    > Uploading: 《内容算法：把内容变成价值的效率系统》_闫泽华.pdf (127.2 MB)
2026-02-15 01:00:20,347 [INFO] [OK] HF Upload complete
2026-02-15 01:00:20,347 [INFO] Checking for redundant files on HuggingFace (hfhfn/full_stack_resources)...
2026-02-15 01:00:20,700 [INFO] No redundant files found.
2026-02-15 01:00:20,700 [INFO] Processing Git tracking & .gitignore...
2026-02-15 01:00:20,748 [INFO] Updated .gitignore with 1 rules
2026-02-15 01:00:20,748 [INFO] Generating full manifest (data/file_manifest.json)...
2026-02-15 01:00:20,756 [INFO] [OK] Manifest generated with 97 total files
2026-02-15 01:00:20,756 [INFO] 
[OK] All steps complete in 4.5s! Ready for git push.
2026-02-15 01:12:24,607 [INFO] Scanning files (Threshold: 50MB)...
2026-02-15 01:12:24,735 [INFO] Stats: 1 large files, 96 small files
2026-02-15 01:12:24,735 [INFO] Uploading 1 files to HuggingFace (hfhfn/full_stack_resources)...
2026-02-15 01:12:27,049 [INFO] Logged in as: hfhfn
2026-02-15 01:12:27,050 [INFO]    > Uploading: 《内容算法：把内容变成价值的效率系统》_闫泽华.pdf (127.2 MB)
2026-02-15 01:12:27,741 [WARNING] No files have been modified since last commit. Skipping to prevent empty commit.
2026-02-15 01:12:28,035 [INFO] [OK] HF Upload complete
2026-02-15 01:12:28,035 [INFO] Checking for redundant files on HuggingFace (hfhfn/full_stack_resources)...
2026-02-15 01:12:28,321 [INFO] No redundant files found.
2026-02-15 01:12:28,322 [INFO] Processing Git tracking & .gitignore...
2026-02-15 01:12:28,368 [INFO] Updated .gitignore with 1 rules
2026-02-15 01:12:28,369 [INFO] Generating full manifest (data/file_manifest.json)...
2026-02-15 01:12:28,370 [ERROR] Fatal error: name 'username' is not defined
2026-02-15 01:12:44,073 [INFO] Scanning files (Threshold: 50MB)...
2026-02-15 01:12:44,202 [INFO] Stats: 1 large files, 96 small files
2026-02-15 01:12:44,202 [INFO] Uploading 1 files to HuggingFace (hfhfn/full_stack_resources)...
2026-02-15 01:12:46,642 [INFO] Logged in as: hfhfn
2026-02-15 01:12:46,642 [INFO]    > Uploading: 《内容算法：把内容变成价值的效率系统》_闫泽华.pdf (127.2 MB)
2026-02-15 01:12:47,367 [WARNING] No files have been modified since last commit. Skipping to prevent empty commit.
2026-02-15 01:12:47,661 [INFO] [OK] HF Upload complete
2026-02-15 01:12:47,662 [INFO] Checking for redundant files on HuggingFace (hfhfn/full_stack_resources)...
2026-02-15 01:12:47,952 [INFO] No redundant files found.
2026-02-15 01:12:47,952 [INFO] Processing Git tracking & .gitignore...
2026-02-15 01:12:47,998 [INFO] Updated .gitignore with 1 rules
2026-02-15 01:12:47,998 [INFO] Generating full manifest (data/file_manifest.json)...
2026-02-15 01:12:48,005 [INFO] [OK] Manifest generated with 97 total files
2026-02-15 01:12:48,005 [INFO] 
[OK] All steps complete in 3.9s! Ready for git push.
2026-02-15 01:13:57,450 [INFO] Scanning files (Threshold: 50MB)...
2026-02-15 01:13:57,572 [INFO] Stats: 1 large files, 96 small files
2026-02-15 01:13:57,572 [INFO] Uploading 1 files to HuggingFace (hfhfn/full_stack_resources)...
2026-02-15 01:13:59,143 [INFO] Logged in as: hfhfn
2026-02-15 01:13:59,143 [INFO]    > Uploading: 《内容算法：把内容变成价值的效率系统》_闫泽华.pdf (127.2 MB)
2026-02-15 01:13:59,872 [WARNING] No files have been modified since last commit. Skipping to prevent empty commit.
2026-02-15 01:14:00,885 [INFO] [OK] HF Upload complete
2026-02-15 01:14:00,886 [INFO] Checking for redundant files on HuggingFace (hfhfn/full_stack_resources)...
2026-02-15 01:14:01,228 [INFO] No redundant files found.
2026-02-15 01:14:01,229 [INFO] Processing Git tracking & .gitignore...
2026-02-15 01:14:01,280 [INFO] Updated .gitignore with 1 rules
2026-02-15 01:14:01,281 [INFO] Generating full manifest (data/file_manifest.json)...
2026-02-15 01:14:01,288 [INFO] [OK] Manifest generated with 97 total files
2026-02-15 01:14:01,288 [INFO] 
[OK] All steps complete in 3.8s! Ready for git push.
2026-02-15 01:47:05,782 [INFO] Scanning files (Threshold: 50MB)...
2026-02-15 01:47:05,908 [INFO] Stats: 1 large files, 96 small files
2026-02-15 01:47:05,909 [INFO] Uploading 1 files to HuggingFace (hfhfn/full_stack_resources)...
2026-02-15 01:47:08,030 [INFO] Logged in as: hfhfn
2026-02-15 01:47:08,030 [INFO]    > Uploading: 《内容算法：把内容变成价值的效率系统》_闫泽华.pdf (127.2 MB)
2026-02-15 01:47:08,721 [WARNING] No files have been modified since last commit. Skipping to prevent empty commit.
2026-02-15 01:47:09,006 [INFO] [OK] HF Upload complete
2026-02-15 01:47:09,006 [INFO] Checking for redundant files on HuggingFace (hfhfn/full_stack_resources)...
2026-02-15 01:47:09,481 [INFO] No redundant files found.
2026-02-15 01:47:09,481 [INFO] Processing Git tracking & .gitignore...
2026-02-15 01:47:09,526 [INFO] Updated .gitignore with 1 rules
2026-02-15 01:47:09,526 [INFO] Generating full manifest (data/file_manifest.json)...
2026-02-15 01:47:09,533 [INFO] [OK] Manifest generated with 97 total files
2026-02-15 01:47:09,533 [INFO] 
[OK] All steps complete in 3.8s! Ready for git push.
2026-02-15 01:57:21,512 [INFO] Scanning files (Threshold: 50MB)...
2026-02-15 01:57:21,648 [INFO] Stats: 1 large files, 96 small files
2026-02-15 01:57:21,649 [INFO] Uploading 1 files to HuggingFace (hfhfn/full_stack_resources)...
2026-02-15 01:57:24,636 [INFO] Logged in as: hfhfn
2026-02-15 01:57:24,636 [INFO]    > Uploading: 《内容算法：把内容变成价值的效率系统》_闫泽华.pdf (127.2 MB)
2026-02-15 01:57:25,341 [WARNING] No files have been modified since last commit. Skipping to prevent empty commit.
2026-02-15 01:57:25,629 [INFO] [OK] HF Upload complete
2026-02-15 01:57:25,629 [INFO] Checking for redundant files on HuggingFace (hfhfn/full_stack_resources)...
2026-02-15 01:57:25,915 [INFO] No redundant files found.
2026-02-15 01:57:25,915 [INFO] Processing Git tracking & .gitignore...
2026-02-15 01:57:25,963 [INFO] Updated .gitignore with 1 rules
2026-02-15 01:57:25,963 [INFO] Generating full manifest (data/file_manifest.json)...
2026-02-15 01:57:25,971 [INFO] [OK] Manifest generated with 97 total files
2026-02-15 01:57:25,971 [INFO] 
[OK] All steps complete in 4.5s! Ready for git push.
2026-02-15 02:15:22,316 [INFO] Scanning files (Threshold: 50MB)...
2026-02-15 02:15:22,457 [INFO] Stats: 1 large files, 96 small files
2026-02-15 02:15:22,457 [INFO] Uploading 1 files to HuggingFace (hfhfn/full_stack_resources)...
2026-02-15 02:15:23,892 [INFO] Logged in as: hfhfn
2026-02-15 02:15:23,892 [INFO]    > Uploading: 《内容算法：把内容变成价值的效率系统》_闫泽华.pdf (127.2 MB)
2026-02-15 02:15:24,567 [WARNING] No files have been modified since last commit. Skipping to prevent empty commit.
2026-02-15 02:15:24,852 [INFO] [OK] HF Upload complete
2026-02-15 02:15:24,852 [INFO] Checking for redundant files on HuggingFace (hfhfn/full_stack_resources)...
2026-02-15 02:15:25,138 [INFO] No redundant files found.
2026-02-15 02:15:25,140 [INFO] Processing Git tracking & .gitignore...
2026-02-15 02:15:25,187 [INFO] Updated .gitignore with 1 rules
2026-02-15 02:15:25,187 [INFO] Generating full manifest (data/file_manifest.json)...
2026-02-15 02:15:25,195 [INFO] [OK] Manifest generated with 97 total files
2026-02-15 02:15:25,195 [INFO] 
[OK] All steps complete in 2.9s! Ready for git push.
2026-02-15 02:21:27,682 [INFO] Scanning files (Threshold: 50MB)...
2026-02-15 02:21:27,817 [INFO] Stats: 1 large files, 96 small files
2026-02-15 02:21:27,817 [INFO] Uploading 1 files to HuggingFace (hfhfn/full_stack_resources)...
2026-02-15 02:21:30,142 [INFO] Logged in as: hfhfn
2026-02-15 02:21:30,142 [INFO]    > Uploading: 《内容算法：把内容变成价值的效率系统》_闫泽华.pdf (127.2 MB)
2026-02-15 02:21:30,819 [WARNING] No files have been modified since last commit. Skipping to prevent empty commit.
2026-02-15 02:21:31,129 [INFO] [OK] HF Upload complete
2026-02-15 02:21:31,129 [INFO] Checking for redundant files on HuggingFace (hfhfn/full_stack_resources)...
2026-02-15 02:21:31,414 [INFO] No redundant files found.
2026-02-15 02:21:31,415 [INFO] Processing Git tracking & .gitignore...
2026-02-15 02:21:31,450 [INFO] Updated .gitignore with 1 rules
2026-02-15 02:21:31,450 [INFO] Generating full manifest (data/file_manifest.json)...
2026-02-15 02:21:31,457 [INFO] [OK] Manifest generated with 97 total files
2026-02-15 02:21:31,457 [INFO] 
[OK] All steps complete in 3.8s! Ready for git push.
2026-02-15 02:31:15,565 [INFO] Scanning files (Threshold: 50MB)...
2026-02-15 02:31:15,701 [INFO] Stats: 1 large files, 96 small files
2026-02-15 02:31:15,702 [INFO] Uploading 1 files to HuggingFace (hfhfn/full_stack_resources)...
2026-02-15 02:31:17,227 [INFO] Logged in as: hfhfn
2026-02-15 02:31:17,227 [INFO]    > Uploading: 《内容算法：把内容变成价值的效率系统》_闫泽华.pdf (127.2 MB)
2026-02-15 02:31:17,907 [WARNING] No files have been modified since last commit. Skipping to prevent empty commit.
2026-02-15 02:31:18,220 [INFO] [OK] HF Upload complete
2026-02-15 02:31:18,220 [INFO] Checking for redundant files on HuggingFace (hfhfn/full_stack_resources)...
2026-02-15 02:31:18,508 [INFO] No redundant files found.
2026-02-15 02:31:18,508 [INFO] Processing Git tracking & .gitignore...
2026-02-15 02:31:18,557 [INFO] Updated .gitignore with 1 rules
2026-02-15 02:31:18,557 [INFO] Generating full manifest (data/file_manifest.json)...
2026-02-15 02:31:18,564 [INFO] [OK] Manifest generated with 97 total files
2026-02-15 02:31:18,565 [INFO] 
[OK] All steps complete in 3.0s! Ready for git push.
2026-02-15 02:39:00,725 [INFO] Scanning files (Threshold: 50MB)...
2026-02-15 02:39:00,868 [INFO] Stats: 1 large files, 96 small files
2026-02-15 02:39:00,869 [INFO] Uploading 1 files to HuggingFace (hfhfn/full_stack_resources)...
2026-02-15 02:39:02,650 [INFO] Logged in as: hfhfn
2026-02-15 02:39:02,650 [INFO]    > Uploading: 《内容算法：把内容变成价值的效率系统》_闫泽华.pdf (127.2 MB)
2026-02-15 02:39:03,402 [WARNING] No files have been modified since last commit. Skipping to prevent empty commit.
2026-02-15 02:39:03,802 [INFO] [OK] HF Upload complete
2026-02-15 02:39:03,802 [INFO] Checking for redundant files on HuggingFace (hfhfn/full_stack_resources)...
2026-02-15 02:39:04,313 [INFO] No redundant files found.
2026-02-15 02:39:04,313 [INFO] Processing Git tracking & .gitignore...
2026-02-15 02:39:04,361 [INFO] Updated .gitignore with 1 rules
2026-02-15 02:39:04,362 [INFO] Generating full manifest (data/file_manifest.json)...
2026-02-15 02:39:04,369 [INFO] [OK] Manifest generated with 97 total files
2026-02-15 02:39:04,369 [INFO] 
[OK] All steps complete in 3.6s! Ready for git push.
2026-02-15 02:50:56,036 [INFO] Scanning files (Threshold: 50MB)...
2026-02-15 02:50:56,164 [INFO] Stats: 1 large files, 96 small files
2026-02-15 02:50:56,164 [INFO] Uploading 1 files to HuggingFace (hfhfn/full_stack_resources)...
2026-02-15 02:50:58,468 [INFO] Logged in as: hfhfn
2026-02-15 02:50:58,468 [INFO]    > Uploading: 《内容算法：把内容变成价值的效率系统》_闫泽华.pdf (127.2 MB)
2026-02-15 02:50:59,297 [WARNING] No files have been modified since last commit. Skipping to prevent empty commit.
2026-02-15 02:50:59,673 [INFO] [OK] HF Upload complete
2026-02-15 02:50:59,673 [INFO] Checking for redundant files on HuggingFace (hfhfn/full_stack_resources)...
2026-02-15 02:50:59,982 [INFO] No redundant files found.
2026-02-15 02:50:59,982 [INFO] Processing Git tracking & .gitignore...
2026-02-15 02:51:00,018 [INFO] Updated .gitignore with 1 rules
2026-02-15 02:51:00,018 [INFO] Generating full manifest (data/file_manifest.json)...
2026-02-15 02:51:00,026 [INFO] [OK] Manifest generated with 97 total files
2026-02-15 02:51:00,026 [INFO] 
[OK] All steps complete in 4.0s! Ready for git push.
2026-02-15 03:04:41,485 [INFO] Scanning files (Threshold: 50MB)...
2026-02-15 03:04:41,619 [INFO] Stats: 0 large files, 96 small files
2026-02-15 03:04:41,619 [INFO] Checking for redundant files on HuggingFace (hfhfn/full_stack_resources)...
2026-02-15 03:04:44,001 [INFO] Found 1 redundant files. Deleting...
2026-02-15 03:04:44,001 [INFO]    - Deleting: 《内容算法：把内容变成价值的效率系统》_闫泽华.pdf
2026-02-15 03:04:44,904 [INFO] [OK] Sync deletion complete (Removed 1 files)
2026-02-15 03:04:44,904 [INFO] Processing Git tracking & .gitignore...
2026-02-15 03:04:44,905 [INFO] Updated .gitignore with 0 rules
2026-02-15 03:04:44,905 [INFO] Generating full manifest (data/file_manifest.json)...
2026-02-15 03:04:44,912 [INFO] [OK] Manifest generated with 96 total files
2026-02-15 03:04:44,912 [INFO] 
[OK] All steps complete in 3.4s! Ready for git push.
2026-02-15 03:07:02,953 [INFO] Scanning files (Threshold: 50MB)...
2026-02-15 03:07:03,094 [INFO] Stats: 1 large files, 96 small files
2026-02-15 03:07:03,094 [INFO] Uploading 1 files to HuggingFace (hfhfn/full_stack_resources)...
2026-02-15 03:07:05,381 [INFO] Logged in as: hfhfn
2026-02-15 03:07:05,381 [INFO]    > Uploading: 《内容算法：把内容变成价值的效率系统》_闫泽华.pdf (127.2 MB)
2026-02-15 03:07:06,617 [INFO] [OK] HF Upload complete
2026-02-15 03:07:06,618 [INFO] Checking for redundant files on HuggingFace (hfhfn/full_stack_resources)...
2026-02-15 03:07:06,981 [INFO] No redundant files found.
2026-02-15 03:07:06,982 [INFO] Processing Git tracking & .gitignore...
2026-02-15 03:07:07,034 [INFO] Updated .gitignore with 1 rules
2026-02-15 03:07:07,035 [INFO] Generating full manifest (data/file_manifest.json)...
2026-02-15 03:07:07,042 [INFO] [OK] Manifest generated with 97 total files
2026-02-15 03:07:07,043 [INFO] 
[OK] All steps complete in 4.1s! Ready for git push.
2026-02-15 03:31:25,643 [INFO] Scanning files (Threshold: 50MB)...
2026-02-15 03:31:25,782 [INFO] Stats: 1 large files, 96 small files
2026-02-15 03:31:25,782 [INFO] Uploading 1 files to HuggingFace (hfhfn/full_stack_resources)...
2026-02-15 03:31:28,169 [INFO] Logged in as: hfhfn
2026-02-15 03:31:28,169 [INFO]    > Uploading: 《内容算法：把内容变成价值的效率系统》_闫泽华.pdf (127.2 MB)
2026-02-15 03:31:28,994 [WARNING] No files have been modified since last commit. Skipping to prevent empty commit.
2026-02-15 03:31:29,297 [INFO] [OK] HF Upload complete
2026-02-15 03:31:29,297 [INFO] Checking for redundant files on HuggingFace (hfhfn/full_stack_resources)...
2026-02-15 03:31:29,759 [INFO] No redundant files found.
2026-02-15 03:31:29,759 [INFO] Processing Git tracking & .gitignore...
2026-02-15 03:31:29,809 [INFO] Updated .gitignore with 1 rules
2026-02-15 03:31:29,809 [INFO] Generating full manifest (data/file_manifest.json)...
2026-02-15 03:31:29,816 [INFO] [OK] Manifest generated with 97 total files
2026-02-15 03:31:29,816 [INFO] 
[OK] All steps complete in 4.2s! Ready for git push.
2026-02-15 03:46:12,636 [INFO] Scanning files (Threshold: 50MB)...
2026-02-15 03:46:12,778 [INFO] Stats: 1 large files, 96 small files
2026-02-15 03:46:12,778 [INFO] Uploading 1 files to HuggingFace (hfhfn/full_stack_resources)...
2026-02-15 03:46:14,971 [INFO] Logged in as: hfhfn
2026-02-15 03:46:14,971 [INFO]    > Uploading: 《内容算法：把内容变成价值的效率系统》_闫泽华.pdf (127.2 MB)
2026-02-15 03:46:15,685 [WARNING] No files have been modified since last commit. Skipping to prevent empty commit.
2026-02-15 03:46:15,964 [INFO] [OK] HF Upload complete
2026-02-15 03:46:15,964 [INFO] Checking for redundant files on HuggingFace (hfhfn/full_stack_resources)...
2026-02-15 03:46:16,250 [INFO] Found 1 redundant files. Deleting...
2026-02-15 03:46:16,250 [INFO]    - Deleting: test_large_file_60mb.bin
2026-02-15 03:46:16,806 [INFO] [OK] Sync deletion complete (Removed 1 files)
2026-02-15 03:46:16,806 [INFO] Processing Git tracking & .gitignore...
2026-02-15 03:46:16,856 [INFO] Updated .gitignore with 1 rules
2026-02-15 03:46:16,856 [INFO] Generating full manifest (data/file_manifest.json)...
2026-02-15 03:46:16,867 [INFO] [OK] Manifest generated with 97 total files
2026-02-15 03:46:16,867 [INFO] 
[OK] All steps complete in 4.2s! Ready for git push.
2026-02-15 03:54:23,289 [INFO] Scanning files (Threshold: 50MB)...
2026-02-15 03:54:23,426 [INFO] Stats: 1 large files, 96 small files
2026-02-15 03:54:23,426 [INFO] Uploading 1 files to HuggingFace (hfhfn/full_stack_resources)...
2026-02-15 03:54:26,504 [INFO] Logged in as: hfhfn
2026-02-15 03:54:26,504 [INFO]    > Uploading: 《内容算法：把内容变成价值的效率系统》_闫泽华.pdf (127.2 MB)
2026-02-15 03:54:27,540 [WARNING] No files have been modified since last commit. Skipping to prevent empty commit.
2026-02-15 03:54:28,041 [INFO] [OK] HF Upload complete
2026-02-15 03:54:28,041 [INFO] Checking for redundant files on HuggingFace (hfhfn/full_stack_resources)...
2026-02-15 03:54:28,758 [INFO] No redundant files found.
2026-02-15 03:54:28,758 [INFO] Processing Git tracking & .gitignore...
2026-02-15 03:54:28,791 [INFO] Updated .gitignore with 1 rules (new: 1, preserved: 0)
2026-02-15 03:54:28,791 [INFO] Generating full manifest (data/file_manifest.json)...
2026-02-15 03:54:28,802 [INFO] [OK] Manifest generated with 97 total files
2026-02-15 03:54:28,802 [INFO] 
[OK] All steps complete in 5.5s! Ready for git push.
2026-02-15 03:58:08,695 [INFO] Scanning files (Threshold: 50MB)...
2026-02-15 03:58:08,826 [INFO] Stats: 1 large files, 96 small files
2026-02-15 03:58:08,826 [INFO] Uploading 1 files to HuggingFace (hfhfn/full_stack_resources)...
2026-02-15 03:58:11,807 [INFO] Logged in as: hfhfn
2026-02-15 03:58:11,807 [INFO]    > Uploading: 《内容算法：把内容变成价值的效率系统》_闫泽华.pdf (127.2 MB)
2026-02-15 03:58:12,672 [WARNING] No files have been modified since last commit. Skipping to prevent empty commit.
2026-02-15 03:58:13,020 [INFO] [OK] HF Upload complete
2026-02-15 03:58:13,020 [INFO] Checking for redundant files on HuggingFace (hfhfn/full_stack_resources)...
2026-02-15 03:58:13,737 [INFO] No redundant files found.
2026-02-15 03:58:13,737 [INFO] Processing Git tracking & .gitignore...
2026-02-15 03:58:13,779 [INFO] Updated .gitignore with 1 rules (new: 1, preserved: 0)
2026-02-15 03:58:13,779 [INFO] Generating full manifest (data/file_manifest.json)...
2026-02-15 03:58:13,788 [INFO] [OK] Manifest generated with 97 total files
2026-02-15 03:58:13,789 [INFO]     (Timestamp preserved - no content changes)
2026-02-15 03:58:13,789 [INFO] 
[OK] All steps complete in 5.1s! Ready for git push.
2026-02-15 03:59:29,054 [INFO] Scanning files (Threshold: 50MB)...
2026-02-15 03:59:29,187 [INFO] Stats: 0 large files, 96 small files
2026-02-15 03:59:29,187 [INFO] Checking for redundant files on HuggingFace (hfhfn/full_stack_resources)...
2026-02-15 03:59:31,152 [INFO] Found 1 redundant files. Deleting...
2026-02-15 03:59:31,152 [INFO]    - Deleting: 《内容算法：把内容变成价值的效率系统》_闫泽华.pdf
2026-02-15 03:59:31,932 [INFO] [OK] Sync deletion complete (Removed 1 files)
2026-02-15 03:59:31,932 [INFO] Processing Git tracking & .gitignore...
2026-02-15 03:59:31,934 [INFO] Updated .gitignore with 1 rules (new: 0, preserved: 1)
2026-02-15 03:59:31,934 [INFO] Generating full manifest (data/file_manifest.json)...
2026-02-15 03:59:31,941 [INFO]     Preserving HF file: 《内容算法：把内容变成价值的效率系统》_闫泽华.pdf
2026-02-15 03:59:31,944 [INFO] [OK] Manifest generated with 97 total files
2026-02-15 03:59:31,945 [INFO] 
[OK] All steps complete in 2.9s! Ready for git push.
2026-02-15 04:19:40,051 [INFO] Scanning files (Threshold: 50MB)...
2026-02-15 04:19:40,192 [INFO] Stats: 0 large files, 96 small files
2026-02-15 04:19:40,192 [INFO] Checking for redundant files on HuggingFace (hfhfn/full_stack_resources)...
2026-02-15 04:19:42,705 [INFO] Found 1 redundant files. Deleting...
2026-02-15 04:19:42,705 [INFO]    - Deleting: test_upload_55mb.bin
2026-02-15 04:19:43,366 [INFO] [OK] Sync deletion complete (Removed 1 files)
2026-02-15 04:19:43,366 [INFO] Processing Git tracking & .gitignore...
2026-02-15 04:19:43,367 [INFO] Updated .gitignore with 1 rules (new: 0, preserved: 1)
2026-02-15 04:19:43,367 [INFO] Generating full manifest (data/file_manifest.json)...
2026-02-15 04:19:43,374 [INFO]     Preserving managed HF file: 《内容算法：把内容变成价值的效率系统》_闫泽华.pdf
2026-02-15 04:19:43,377 [INFO] [OK] Manifest generated with 97 total files
2026-02-15 04:19:43,377 [INFO] 
[OK] All steps complete in 3.3s! Ready for git push.
2026-02-15 04:20:48,288 [INFO] Scanning files (Threshold: 50MB)...
2026-02-15 04:20:48,423 [INFO] Stats: 0 large files, 96 small files
2026-02-15 04:20:48,423 [INFO] Checking for redundant files on HuggingFace (hfhfn/full_stack_resources)...
2026-02-15 04:20:50,875 [INFO] No redundant files found.
2026-02-15 04:20:50,875 [INFO] Processing Git tracking & .gitignore...
2026-02-15 04:20:50,876 [INFO] Updated .gitignore with 1 rules (new: 0, preserved: 1)
2026-02-15 04:20:50,876 [INFO] Generating full manifest (data/file_manifest.json)...
2026-02-15 04:20:50,885 [INFO]     Preserving managed HF file: 《内容算法：把内容变成价值的效率系统》_闫泽华.pdf
2026-02-15 04:20:50,888 [INFO] [OK] Manifest generated with 97 total files
2026-02-15 04:20:50,888 [INFO]     (Timestamp preserved - no content changes)
2026-02-15 04:20:50,888 [INFO] 
[OK] All steps complete in 2.6s! Ready for git push.
2026-02-15 04:23:12,814 [INFO] Scanning files (Threshold: 50MB)...
2026-02-15 04:23:12,954 [INFO] Stats: 1 large files, 96 small files
2026-02-15 04:23:12,954 [INFO] Uploading 1 files to HuggingFace (hfhfn/full_stack_resources)...
2026-02-15 04:23:15,243 [INFO] Logged in as: hfhfn
2026-02-15 04:23:15,243 [INFO]    > Uploading: 《内容算法：把内容变成价值的效率系统》_闫泽华.pdf (127.2 MB)
2026-02-15 04:23:16,478 [INFO] [OK] HF Upload complete
2026-02-15 04:23:16,478 [INFO] Checking for redundant files on HuggingFace (hfhfn/full_stack_resources)...
2026-02-15 04:23:16,781 [INFO] No redundant files found.
2026-02-15 04:23:16,781 [INFO] Processing Git tracking & .gitignore...
2026-02-15 04:23:16,826 [INFO] Updated .gitignore with 1 rules (new: 1, preserved: 0)
2026-02-15 04:23:16,826 [INFO] Generating full manifest (data/file_manifest.json)...
2026-02-15 04:23:16,836 [INFO] [OK] Manifest generated with 97 total files
2026-02-15 04:23:16,836 [INFO] 
[OK] All steps complete in 4.0s! Ready for git push.
2026-02-15 04:24:30,675 [INFO] Scanning files (Threshold: 50MB)...
2026-02-15 04:24:30,821 [INFO] Stats: 0 large files, 96 small files
2026-02-15 04:24:30,821 [INFO] Checking for redundant files on HuggingFace (hfhfn/full_stack_resources)...
2026-02-15 04:24:33,199 [INFO] Found 1 redundant files. Deleting...
2026-02-15 04:24:33,199 [INFO]    - Deleting: 《内容算法：把内容变成价值的效率系统》_闫泽华.pdf
2026-02-15 04:24:33,790 [INFO] [OK] Sync deletion complete (Removed 1 files)
2026-02-15 04:24:33,790 [INFO] Processing Git tracking & .gitignore...
2026-02-15 04:24:33,793 [INFO] Updated .gitignore with 1 rules (new: 0, preserved: 1)
2026-02-15 04:24:33,793 [INFO] Generating full manifest (data/file_manifest.json)...
2026-02-15 04:24:33,801 [INFO]     Preserving managed HF file: 《内容算法：把内容变成价值的效率系统》_闫泽华.pdf
2026-02-15 04:24:33,804 [INFO] [OK] Manifest generated with 97 total files
2026-02-15 04:24:33,804 [INFO] 
[OK] All steps complete in 3.1s! Ready for git push.
2026-02-15 04:45:11,880 [INFO] Scanning files (Threshold: 50MB)...
2026-02-15 04:45:12,031 [INFO] Stats: 0 large files, 96 small files
2026-02-15 04:45:12,032 [INFO] Checking for redundant files on HuggingFace (hfhfn/full_stack_resources)...
2026-02-15 04:45:14,513 [INFO] No redundant files found.
2026-02-15 04:45:14,514 [INFO] Processing Git tracking & .gitignore...
2026-02-15 04:45:14,515 [INFO] Updated .gitignore with 1 rules (new: 0, preserved: 1)
2026-02-15 04:45:14,516 [INFO] Generating full manifest (data/file_manifest.json)...
2026-02-15 04:45:14,523 [INFO]     Preserving managed HF file: 《内容算法：把内容变成价值的效率系统》_闫泽华.pdf
2026-02-15 04:45:14,527 [INFO] [OK] Manifest generated with 97 total files
2026-02-15 04:45:14,527 [INFO] 
[OK] All steps complete in 2.6s! Ready for git push.
2026-02-15 05:00:44,100 [INFO] Scanning files (Threshold: 50MB)...
2026-02-15 05:00:44,250 [INFO] Stats: 0 large files, 96 small files
2026-02-15 05:00:44,250 [INFO] Checking for redundant files on HuggingFace (hfhfn/full_stack_resources)...
2026-02-15 05:00:46,409 [INFO] No redundant files found.
2026-02-15 05:00:46,409 [INFO] Processing Git tracking & .gitignore...
2026-02-15 05:00:46,410 [INFO] Updated .gitignore with 1 rules (new: 0, removed: 0)
2026-02-15 05:00:46,410 [INFO] Generating full manifest (data/file_manifest.json)...
2026-02-15 05:00:46,418 [INFO]     Preserving managed HF file: 《内容算法：把内容变成价值的效率系统》_闫泽华.pdf
2026-02-15 05:00:46,419 [INFO] [OK] Manifest generated with 97 total files
2026-02-15 05:00:46,419 [INFO] 
[OK] All steps complete in 2.3s! Ready for git push.
2026-02-15 05:06:59,369 [INFO] Scanning files (Threshold: 50MB)...
2026-02-15 05:06:59,505 [INFO] Stats: 0 large files, 96 small files
2026-02-15 05:06:59,505 [INFO] Checking for redundant files on HuggingFace (hfhfn/full_stack_resources)...
2026-02-15 05:07:01,852 [INFO] No redundant files found.
2026-02-15 05:07:01,852 [INFO] Processing Git tracking & .gitignore...
2026-02-15 05:07:01,854 [INFO] Updated .gitignore with 1 rules (new: 0, removed: 0)
2026-02-15 05:07:01,854 [INFO] Generating full manifest (data/file_manifest.json)...
2026-02-15 05:07:01,862 [INFO]     Preserving managed HF file: 《内容算法：把内容变成价值的效率系统》_闫泽华.pdf
2026-02-15 05:07:01,865 [INFO] [OK] Manifest generated with 97 total files
2026-02-15 05:07:01,865 [INFO] 
[OK] All steps complete in 2.5s! Ready for git push.
2026-02-15 05:10:53,738 [INFO] Scanning files (Threshold: 50MB)...
2026-02-15 05:10:53,882 [INFO] Stats: 0 large files, 96 small files
2026-02-15 05:10:53,882 [INFO] Checking for redundant files on HuggingFace (hfhfn/full_stack_resources)...
2026-02-15 05:10:56,284 [INFO] No redundant files found.
2026-02-15 05:10:56,284 [INFO] Processing Git tracking & .gitignore...
2026-02-15 05:10:56,284 [INFO] Updated .gitignore with 1 rules (new: 0, removed: 0)
2026-02-15 05:10:56,286 [INFO] Generating full manifest (data/file_manifest.json)...
2026-02-15 05:10:56,293 [INFO]     Preserving managed HF file: 《内容算法：把内容变成价值的效率系统》_闫泽华.pdf
2026-02-15 05:10:56,294 [INFO]     (Timestamp preserved - no content changes)
2026-02-15 05:10:56,296 [INFO] [OK] Manifest generated with 97 total files
2026-02-15 05:10:56,296 [INFO] 
[OK] All steps complete in 2.6s! Ready for git push.
2026-02-15 05:11:32,215 [INFO] Scanning files (Threshold: 50MB)...
2026-02-15 05:11:32,364 [INFO] Stats: 0 large files, 96 small files
2026-02-15 05:11:32,364 [INFO] Checking for redundant files on HuggingFace (hfhfn/full_stack_resources)...
2026-02-15 05:11:34,749 [INFO] No redundant files found.
2026-02-15 05:11:34,749 [INFO] Processing Git tracking & .gitignore...
2026-02-15 05:11:34,749 [INFO]     Removing rule for deleted local file: 《内容算法：把内容变成价值的效率系统》_闫泽华.pdf
2026-02-15 05:11:34,749 [INFO]     Deleting from HuggingFace: 《内容算法：把内容变成价值的效率系统》_闫泽华.pdf
2026-02-15 05:11:35,095 [WARNING] Could not delete 《内容算法：把内容变成价值的效率系统》_闫泽华.pdf from HF: 404 Client Error. (Request ID: Root=1-6990e506-1ccd2f75319ff9f77dc30628;2b6968d2-4942-4ffb-87ab-9e78c9c76a8d)

Entry Not Found for url: https://huggingface.co/api/datasets/hfhfn/full_stack_resources/commit/main.
A file with the name "*******************_***.pdf" does not exist
A file with the name "《内容算法：把内容变成价值的效率系统》_闫泽华.pdf" does not exist
2026-02-15 05:11:35,096 [INFO] Updated .gitignore with 0 rules (new: 0, removed: 1)
2026-02-15 05:11:35,096 [INFO] Generating full manifest (data/file_manifest.json)...
2026-02-15 05:11:35,103 [INFO]     Removing unmanaged HF file from manifest: 《内容算法：把内容变成价值的效率系统》_闫泽华.pdf
2026-02-15 05:11:35,104 [INFO]     (HF files decreased: 1 → 0, updating timestamp)
2026-02-15 05:11:35,106 [INFO] [OK] Manifest generated with 96 total files
2026-02-15 05:11:35,106 [INFO] 
[OK] All steps complete in 2.9s! Ready for git push.
2026-02-15 05:11:43,760 [INFO] Scanning files (Threshold: 50MB)...
2026-02-15 05:11:43,894 [INFO] Stats: 0 large files, 96 small files
2026-02-15 05:11:43,895 [INFO] Checking for redundant files on HuggingFace (hfhfn/full_stack_resources)...
2026-02-15 05:11:46,248 [INFO] No redundant files found.
2026-02-15 05:11:46,248 [INFO] Processing Git tracking & .gitignore...
2026-02-15 05:11:46,249 [INFO] Updated .gitignore with 0 rules (new: 0, removed: 0)
2026-02-15 05:11:46,249 [INFO] Generating full manifest (data/file_manifest.json)...
2026-02-15 05:11:46,257 [INFO]     (Timestamp preserved - no content changes)
2026-02-15 05:11:46,260 [INFO] [OK] Manifest generated with 96 total files
2026-02-15 05:11:46,260 [INFO] 
[OK] All steps complete in 2.5s! Ready for git push.
2026-02-15 05:13:54,847 [INFO] Scanning files (Threshold: 50MB)...
2026-02-15 05:13:54,986 [INFO] Stats: 0 large files, 96 small files
2026-02-15 05:13:54,986 [INFO] Checking for redundant files on HuggingFace (hfhfn/full_stack_resources)...
2026-02-15 05:13:57,434 [INFO] No redundant files found.
2026-02-15 05:13:57,434 [INFO] Processing Git tracking & .gitignore...
2026-02-15 05:13:57,435 [INFO] Updated .gitignore with 0 rules (new: 0, removed: 0)
2026-02-15 05:13:57,436 [INFO] Generating full manifest (data/file_manifest.json)...
2026-02-15 05:13:57,444 [INFO]     (Timestamp preserved - no content changes)
2026-02-15 05:13:57,446 [INFO] [OK] Manifest generated with 96 total files
2026-02-15 05:13:57,446 [INFO] 
[OK] All steps complete in 2.6s! Ready for git push.
2026-02-15 05:15:23,036 [INFO] Scanning files (Threshold: 50MB)...
2026-02-15 05:15:23,175 [INFO] Stats: 1 large files, 96 small files
2026-02-15 05:15:23,175 [INFO] Uploading 1 files to HuggingFace (hfhfn/full_stack_resources)...
2026-02-15 05:15:25,500 [INFO] Logged in as: hfhfn
2026-02-15 05:15:25,500 [INFO]    > Uploading: 《内容算法：把内容变成价值的效率系统》_闫泽华.pdf (127.2 MB)
2026-02-15 05:15:27,036 [INFO] [OK] HF Upload complete
2026-02-15 05:15:27,036 [INFO] Checking for redundant files on HuggingFace (hfhfn/full_stack_resources)...
2026-02-15 05:15:27,445 [INFO] No redundant files found.
2026-02-15 05:15:27,446 [INFO] Processing Git tracking & .gitignore...
2026-02-15 05:15:27,492 [INFO] Updated .gitignore with 1 rules (new: 1, removed: 0)
2026-02-15 05:15:27,494 [INFO] Generating full manifest (data/file_manifest.json)...
2026-02-15 05:15:27,504 [INFO] [OK] Manifest generated with 97 total files
2026-02-15 05:15:27,504 [INFO] 
[OK] All steps complete in 4.5s! Ready for git push.
2026-02-15 05:16:59,271 [INFO] Scanning files (Threshold: 50MB)...
2026-02-15 05:16:59,414 [INFO] Stats: 0 large files, 96 small files
2026-02-15 05:16:59,414 [INFO] Checking for redundant files on HuggingFace (hfhfn/full_stack_resources)...
2026-02-15 05:17:01,835 [INFO] Found 1 redundant files. Deleting...
2026-02-15 05:17:01,836 [INFO]    - Deleting: 《内容算法：把内容变成价值的效率系统》_闫泽华.pdf
2026-02-15 05:17:02,578 [INFO] [OK] Sync deletion complete (Removed 1 files)
2026-02-15 05:17:02,578 [INFO] Processing Git tracking & .gitignore...
2026-02-15 05:17:02,579 [INFO]     Removing rule for deleted local file: 《内容算法：把内容变成价值的效率系统》_闫泽华.pdf
2026-02-15 05:17:02,579 [INFO]     Deleting from HuggingFace: 《内容算法：把内容变成价值的效率系统》_闫泽华.pdf
2026-02-15 05:17:02,987 [WARNING] Could not delete 《内容算法：把内容变成价值的效率系统》_闫泽华.pdf from HF: 404 Client Error. (Request ID: Root=1-6990e64e-46019082148faa56348abb7e;7e7fee72-f2e5-4efb-9e5e-041968c71a1f)

Entry Not Found for url: https://huggingface.co/api/datasets/hfhfn/full_stack_resources/commit/main.
A file with the name "*******************_***.pdf" does not exist
A file with the name "《内容算法：把内容变成价值的效率系统》_闫泽华.pdf" does not exist
2026-02-15 05:17:02,988 [INFO] Updated .gitignore with 0 rules (new: 0, removed: 1)
2026-02-15 05:17:02,988 [INFO] Generating full manifest (data/file_manifest.json)...
2026-02-15 05:17:02,996 [INFO]     Removing unmanaged HF file from manifest: 《内容算法：把内容变成价值的效率系统》_闫泽华.pdf
2026-02-15 05:17:02,997 [INFO]     (HF files decreased: 1 → 0, updating timestamp)
2026-02-15 05:17:03,000 [INFO] [OK] Manifest generated with 96 total files
2026-02-15 05:17:03,000 [INFO] 
[OK] All steps complete in 3.7s! Ready for git push.
